<?xml version="1.0" encoding="UTF-8"?>
<!-- Generated by org.testng.reporters.JUnitReportReporter -->
<testsuite hostname="SHUBHAMM-QA.local" failures="0" tests="1" name="Udemy.Selenium.skiptest2" time="0.480" errors="0" timestamp="2024-03-26T14:17:38 IST" skipped="0">
  <testcase classname="Udemy.Selenium.skiptest2" name="log" time="0.480"/>
</testsuite> <!-- Udemy.Selenium.skiptest2 -->
