<?xml version="1.0" encoding="UTF-8"?>
<!-- Generated by org.testng.reporters.JUnitReportReporter -->
<testsuite hostname="SUMITS-QA" failures="0" tests="1" name="seleniumAdvance.Framework.Excel" time="0.354" errors="0" timestamp="2024-03-21T11:41:02 IST" skipped="0">
  <testcase classname="seleniumAdvance.Framework.Excel" name="run" time="0.354"/>
</testsuite> <!-- seleniumAdvance.Framework.Excel -->
