<?xml version="1.0" encoding="UTF-8"?>
<!-- Generated by org.testng.reporters.JUnitReportReporter -->
<testsuite hostname="SHUBHAMM-QA.local" failures="0" tests="2" name="Udemy.Selenium.skiptest2" time="0.008" errors="0" timestamp="2024-03-27T14:05:16 IST" skipped="1">
  <testcase classname="Udemy.Selenium.skiptest2" name="reverse" time="0.008"/>
  <testcase classname="Udemy.Selenium.skiptest2" name="log">
    <skipped/>
  </testcase> <!-- log -->
</testsuite> <!-- Udemy.Selenium.skiptest2 -->
